app/manifest-merger-release-report.txt
-- Merging decision tree log ---
manifest
ADDED from AndroidManifest.xml:2:1
	xmlns:android
		ADDED from AndroidManifest.xml:2:11
	package
		ADDED from AndroidManifest.xml:3:5
		INJECTED from AndroidManifest.xml:0:0
		INJECTED from AndroidManifest.xml:0:0
	android:versionName
		ADDED from AndroidManifest.xml:5:5
	android:versionCode
		ADDED from AndroidManifest.xml:4:5
		INJECTED from AndroidManifest.xml:0:0
		INJECTED from AndroidManifest.xml:0:0
uses-sdk
ADDED from AndroidManifest.xml:7:5
MERGED from com.android.support:support-v4:22.1.1:20:5
MERGED from com.android.support:support-v13:22.1.1:20:5
MERGED from com.android.support:support-v4:22.1.1:20:5
MERGED from com.android.support:appcompat-v7:22.1.1:20:5
MERGED from com.android.support:support-v4:22.1.1:20:5
	android:targetSdkVersion
		ADDED from AndroidManifest.xml:9:9
		INJECTED from AndroidManifest.xml:0:0
		INJECTED from AndroidManifest.xml:0:0
	android:minSdkVersion
		ADDED from AndroidManifest.xml:8:9
		INJECTED from AndroidManifest.xml:0:0
		INJECTED from AndroidManifest.xml:0:0
uses-permission#android.permission.CAMERA
ADDED from AndroidManifest.xml:11:5
	android:name
		ADDED from AndroidManifest.xml:11:22
uses-permission#android.permission.READ_EXTERNAL_STORAGE
ADDED from AndroidManifest.xml:12:5
	android:name
		ADDED from AndroidManifest.xml:12:22
uses-feature#android.hardware.camera
ADDED from AndroidManifest.xml:13:5
	android:name
		ADDED from AndroidManifest.xml:13:19
uses-permission#android.permission.INTERNET
ADDED from AndroidManifest.xml:15:5
	android:name
		ADDED from AndroidManifest.xml:15:22
uses-permission#android.permission.ACCESS_NETWORK_STATE
ADDED from AndroidManifest.xml:16:5
	android:name
		ADDED from AndroidManifest.xml:16:22
uses-permission#android.permission.SET_DEBUG_APP
ADDED from AndroidManifest.xml:17:5
	android:name
		ADDED from AndroidManifest.xml:17:22
android:uses-permission#android.permission.WRITE_EXTERNAL_STORAGE
ADDED from AndroidManifest.xml:19:5
	android:maxSdkVersion
		ADDED from AndroidManifest.xml:21:9
	android:name
		ADDED from AndroidManifest.xml:20:9
android:uses-permission#android.permission.READ_PHONE_STATE
ADDED from AndroidManifest.xml:22:5
	android:name
		ADDED from AndroidManifest.xml:22:30
android:uses-permission#android.permission.READ_EXTERNAL_STORAGE
ADDED from AndroidManifest.xml:23:5
	android:maxSdkVersion
		ADDED from AndroidManifest.xml:25:9
	android:name
		ADDED from AndroidManifest.xml:24:9
application
ADDED from AndroidManifest.xml:27:5
MERGED from com.android.support:support-v4:22.1.1:22:5
MERGED from com.android.support:support-v13:22.1.1:22:5
MERGED from com.android.support:support-v4:22.1.1:22:5
MERGED from com.android.support:appcompat-v7:22.1.1:22:5
MERGED from com.android.support:support-v4:22.1.1:22:5
	android:label
		ADDED from AndroidManifest.xml:30:9
	android:icon
		ADDED from AndroidManifest.xml:29:9
	android:theme
		ADDED from AndroidManifest.xml:31:9
	android:name
		ADDED from AndroidManifest.xml:28:9
activity#com.levart.TripCard.Activities.MealListActivity
ADDED from AndroidManifest.xml:32:9
	android:label
		ADDED from AndroidManifest.xml:34:13
	android:name
		ADDED from AndroidManifest.xml:33:13
meta-data#android.support.PARENT_ACTIVITY
ADDED from AndroidManifest.xml:35:13
	android:name
		ADDED from AndroidManifest.xml:36:17
	android:value
		ADDED from AndroidManifest.xml:37:17
activity#com.levart.TripCard.Activities.NewTripCardActivity
ADDED from AndroidManifest.xml:39:9
	android:label
		ADDED from AndroidManifest.xml:41:13
	android:parentActivityName
		ADDED from AndroidManifest.xml:42:13
	android:name
		ADDED from AndroidManifest.xml:40:13
activity#com.levart.TripCard.Activities.SettingsActivity
ADDED from AndroidManifest.xml:44:9
	android:label
		ADDED from AndroidManifest.xml:46:13
	android:name
		ADDED from AndroidManifest.xml:45:13
activity#com.levart.TripCard.Activities.TripCardDetailActivity
ADDED from AndroidManifest.xml:51:9
	android:label
		ADDED from AndroidManifest.xml:53:13
	android:name
		ADDED from AndroidManifest.xml:52:13
intent-filter#android.intent.action.MAIN+android.intent.category.LAUNCHER
ADDED from AndroidManifest.xml:54:13
action#android.intent.action.MAIN
ADDED from AndroidManifest.xml:55:17
	android:name
		ADDED from AndroidManifest.xml:55:25
category#android.intent.category.LAUNCHER
ADDED from AndroidManifest.xml:57:17
	android:name
		ADDED from AndroidManifest.xml:57:27
activity#com.levart.TripCard.Activities.FeedbackActivity
ADDED from AndroidManifest.xml:61:9
	android:label
		ADDED from AndroidManifest.xml:63:13
	android:parentActivityName
		ADDED from AndroidManifest.xml:64:13
	android:name
		ADDED from AndroidManifest.xml:62:13